# JRE version: Java(TM) SE Runtime Environment (15.0.2+7) (build 15.0.2+7-27)
# Java VM: Java HotSpot(TM) 64-Bit Server VM (15.0.2+7-27, mixed mode, sharing, tiered, compressed oops, g1 gc, windows-amd64)
GC Precious Log:
 CPUs: 8 total, 8 available
 Memory: 8066M
 Large Page Support: Disabled
 NUMA Support: Disabled
 Compressed Oops: Enabled (32-bit)
 Heap Region Size: 1M
 Heap Min Capacity: 8M
 Heap Initial Capacity: 128M
 Heap Max Capacity: 2018M
 Pre-touch: Disabled
 Parallel Workers: 8
 Concurrent Workers: 2
 Concurrent Refinement Workers: 8
 Periodic GC: Disabled
Heap:
 garbage-first heap   total 46080K, used 31867K [0x0000000081e00000, 0x0000000100000000)
  region size 1024K, 14 young (14336K), 2 survivors (2048K)
 Metaspace       used 37471K, capacity 37945K, committed 38172K, reserved 1083392K
  class space    used 4529K, capacity 4683K, committed 4716K, reserved 1048576K
GC Heap History (18 events):
Event: 0.542 GC heap before
{Heap before GC invocations=0 (full 0):
 garbage-first heap   total 131072K, used 22528K [0x0000000081e00000, 0x0000000100000000)
  region size 1024K, 23 young (23552K), 0 survivors (0K)
 Metaspace       used 7015K, capacity 8231K, committed 8448K, reserved 1056768K
  class space    used 816K, capacity 911K, committed 1024K, reserved 1048576K
}
Event: 0.548 GC heap after
{Heap after GC invocations=1 (full 0):
 garbage-first heap   total 131072K, used 5140K [0x0000000081e00000, 0x0000000100000000)
  region size 1024K, 3 young (3072K), 3 survivors (3072K)
 Metaspace       used 7015K, capacity 8231K, committed 8448K, reserved 1056768K
  class space    used 816K, capacity 911K, committed 1024K, reserved 1048576K
}
Event: 0.860 GC heap before
{Heap before GC invocations=1 (full 0):
 garbage-first heap   total 131072K, used 30740K [0x0000000081e00000, 0x0000000100000000)
  region size 1024K, 28 young (28672K), 3 survivors (3072K)
 Metaspace       used 13363K, capacity 13611K, committed 13824K, reserved 1060864K
  class space    used 1663K, capacity 1721K, committed 1792K, reserved 1048576K
}
Event: 0.867 GC heap after
{Heap after GC invocations=2 (full 0):
 garbage-first heap   total 131072K, used 6860K [0x0000000081e00000, 0x0000000100000000)
  region size 1024K, 2 young (2048K), 2 survivors (2048K)
 Metaspace       used 13363K, capacity 13611K, committed 13824K, reserved 1060864K
  class space    used 1663K, capacity 1721K, committed 1792K, reserved 1048576K
}
Event: 1.396 GC heap before
{Heap before GC invocations=2 (full 0):
 garbage-first heap   total 131072K, used 44748K [0x0000000081e00000, 0x0000000100000000)
  region size 1024K, 40 young (40960K), 2 survivors (2048K)
 Metaspace       used 20841K, capacity 21169K, committed 21296K, reserved 1069056K
  class space    used 2522K, capacity 2650K, committed 2688K, reserved 1048576K
}
Event: 1.404 GC heap after
{Heap after GC invocations=3 (full 0):
 garbage-first heap   total 131072K, used 9613K [0x0000000081e00000, 0x0000000100000000)
  region size 1024K, 5 young (5120K), 5 survivors (5120K)
 Metaspace       used 20841K, capacity 21169K, committed 21296K, reserved 1069056K
  class space    used 2522K, capacity 2650K, committed 2688K, reserved 1048576K
}
Event: 1.799 GC heap before
{Heap before GC invocations=4 (full 0):
 garbage-first heap   total 37888K, used 27021K [0x0000000081e00000, 0x0000000100000000)
  region size 1024K, 22 young (22528K), 5 survivors (5120K)
 Metaspace       used 23468K, capacity 23855K, committed 24112K, reserved 1071104K
  class space    used 2824K, capacity 2944K, committed 2944K, reserved 1048576K
}
Event: 1.808 GC heap after
{Heap after GC invocations=5 (full 0):
 garbage-first heap   total 37888K, used 11040K [0x0000000081e00000, 0x0000000100000000)
  region size 1024K, 2 young (2048K), 2 survivors (2048K)
 Metaspace       used 23468K, capacity 23855K, committed 24112K, reserved 1071104K
  class space    used 2824K, capacity 2944K, committed 2944K, reserved 1048576K
}
Event: 2.314 GC heap before
{Heap before GC invocations=5 (full 0):
 garbage-first heap   total 37888K, used 26400K [0x0000000081e00000, 0x0000000100000000)
  region size 1024K, 18 young (18432K), 2 survivors (2048K)
 Metaspace       used 26704K, capacity 27053K, committed 27184K, reserved 1073152K
  class space    used 3238K, capacity 3369K, committed 3456K, reserved 1048576K
}
Event: 2.324 GC heap after
{Heap after GC invocations=6 (full 0):
 garbage-first heap   total 46080K, used 15310K [0x0000000081e00000, 0x0000000100000000)
  region size 1024K, 3 young (3072K), 3 survivors (3072K)
 Metaspace       used 26704K, capacity 27053K, committed 27184K, reserved 1073152K
  class space    used 3238K, capacity 3369K, committed 3456K, reserved 1048576K
}
Event: 2.793 GC heap before
{Heap before GC invocations=6 (full 0):
 garbage-first heap   total 46080K, used 32718K [0x0000000081e00000, 0x0000000100000000)
  region size 1024K, 20 young (20480K), 3 survivors (3072K)
 Metaspace       used 29419K, capacity 29823K, committed 30000K, reserved 1075200K
  class space    used 3520K, capacity 3668K, committed 3712K, reserved 1048576K
}
Event: 2.798 GC heap after
{Heap after GC invocations=7 (full 0):
 garbage-first heap   total 46080K, used 17613K [0x0000000081e00000, 0x0000000100000000)
  region size 1024K, 2 young (2048K), 2 survivors (2048K)
 Metaspace       used 29419K, capacity 29823K, committed 30000K, reserved 1075200K
  class space    used 3520K, capacity 3668K, committed 3712K, reserved 1048576K
}
Event: 3.174 GC heap before
{Heap before GC invocations=7 (full 0):
 garbage-first heap   total 46080K, used 32973K [0x0000000081e00000, 0x0000000100000000)
  region size 1024K, 17 young (17408K), 2 survivors (2048K)
 Metaspace       used 31668K, capacity 32073K, committed 32176K, reserved 1077248K
  class space    used 3891K, capacity 4030K, committed 4096K, reserved 1048576K
}
Event: 3.177 GC heap after
{Heap after GC invocations=8 (full 0):
 garbage-first heap   total 46080K, used 18858K [0x0000000081e00000, 0x0000000100000000)
  region size 1024K, 2 young (2048K), 2 survivors (2048K)
 Metaspace       used 31668K, capacity 32073K, committed 32176K, reserved 1077248K
  class space    used 3891K, capacity 4030K, committed 4096K, reserved 1048576K
}
Event: 3.499 GC heap before
{Heap before GC invocations=8 (full 0):
 garbage-first heap   total 46080K, used 33194K [0x0000000081e00000, 0x0000000100000000)
  region size 1024K, 16 young (16384K), 2 survivors (2048K)
 Metaspace       used 33266K, capacity 33694K, committed 33968K, reserved 1079296K
  class space    used 4093K, capacity 4226K, committed 4352K, reserved 1048576K
}
Event: 3.502 GC heap after
{Heap after GC invocations=9 (full 0):
 garbage-first heap   total 46080K, used 20317K [0x0000000081e00000, 0x0000000100000000)
  region size 1024K, 2 young (2048K), 2 survivors (2048K)
 Metaspace       used 33266K, capacity 33694K, committed 33968K, reserved 1079296K
  class space    used 4093K, capacity 4226K, committed 4352K, reserved 1048576K
}
Event: 178.908 GC heap before
{Heap before GC invocations=9 (full 0):
 garbage-first heap   total 46080K, used 29533K [0x0000000081e00000, 0x0000000100000000)
  region size 1024K, 12 young (12288K), 2 survivors (2048K)
 Metaspace       used 35436K, capacity 35853K, committed 35888K, reserved 1081344K
  class space    used 4325K, capacity 4455K, committed 4480K, reserved 1048576K
}
Event: 178.911 GC heap after
{Heap after GC invocations=10 (full 0):
 garbage-first heap   total 46080K, used 21627K [0x0000000081e00000, 0x0000000100000000)
  region size 1024K, 2 young (2048K), 2 survivors (2048K)
 Metaspace       used 35436K, capacity 35853K, committed 35888K, reserved 1081344K
  class space    used 4325K, capacity 4455K, committed 4480K, reserved 1048576K
}

